<?xml version="1.0" encoding="utf-8"?><testsuites name="pytest tests"><testsuite name="pytest" errors="13" failures="0" skipped="0" tests="13" time="0.392" timestamp="2026-02-19T14:16:01.721075+00:00" hostname="agent-env-280206d1-407d-40f3-99dd-410f6eddbb9e"><testcase classname="tests.test_admin_reviews.TestAdminReviewsAPI" name="test_admin_reviews_requires_auth" time="0.001"><error message="failed on setup with &quot;requests.exceptions.MissingSchema: Invalid URL '/api/auth/admin/login': No scheme supplied. Perhaps you meant https:///api/auth/admin/login?&quot;">tests/test_admin_reviews.py:26: in setup_class
    response = cls.admin_session.post(f"{BASE_URL}/api/auth/admin/login", json={
/root/.venv/lib/python3.11/site-packages/requests/sessions.py:637: in post
    return self.request("POST", url, data=data, json=json, **kwargs)
           ^^^^^^^^^^^^^^^^^^^^^^^^^^^^^^^^^^^^^^^^^^^^^^^^^^^^^^^^^
/root/.venv/lib/python3.11/site-packages/requests/sessions.py:575: in request
    prep = self.prepare_request(req)
           ^^^^^^^^^^^^^^^^^^^^^^^^^
/root/.venv/lib/python3.11/site-packages/requests/sessions.py:484: in prepare_request
    p.prepare(
/root/.venv/lib/python3.11/site-packages/requests/models.py:367: in prepare
    self.prepare_url(url, params)
/root/.venv/lib/python3.11/site-packages/requests/models.py:438: in prepare_url
    raise MissingSchema(
E   requests.exceptions.MissingSchema: Invalid URL '/api/auth/admin/login': No scheme supplied. Perhaps you meant https:///api/auth/admin/login?</error></testcase><testcase classname="tests.test_admin_reviews.TestAdminReviewsAPI" name="test_admin_reviews_rejects_student" time="0.000"><error message="failed on setup with &quot;requests.exceptions.MissingSchema: Invalid URL '/api/auth/admin/login': No scheme supplied. Perhaps you meant https:///api/auth/admin/login?&quot;">tests/test_admin_reviews.py:26: in setup_class
    response = cls.admin_session.post(f"{BASE_URL}/api/auth/admin/login", json={
/root/.venv/lib/python3.11/site-packages/requests/sessions.py:637: in post
    return self.request("POST", url, data=data, json=json, **kwargs)
           ^^^^^^^^^^^^^^^^^^^^^^^^^^^^^^^^^^^^^^^^^^^^^^^^^^^^^^^^^
/root/.venv/lib/python3.11/site-packages/requests/sessions.py:575: in request
    prep = self.prepare_request(req)
           ^^^^^^^^^^^^^^^^^^^^^^^^^
/root/.venv/lib/python3.11/site-packages/requests/sessions.py:484: in prepare_request
    p.prepare(
/root/.venv/lib/python3.11/site-packages/requests/models.py:367: in prepare
    self.prepare_url(url, params)
/root/.venv/lib/python3.11/site-packages/requests/models.py:438: in prepare_url
    raise MissingSchema(
E   requests.exceptions.MissingSchema: Invalid URL '/api/auth/admin/login': No scheme supplied. Perhaps you meant https:///api/auth/admin/login?</error></testcase><testcase classname="tests.test_admin_reviews.TestAdminReviewsAPI" name="test_reply_requires_auth" time="0.000"><error message="failed on setup with &quot;requests.exceptions.MissingSchema: Invalid URL '/api/auth/admin/login': No scheme supplied. Perhaps you meant https:///api/auth/admin/login?&quot;">tests/test_admin_reviews.py:26: in setup_class
    response = cls.admin_session.post(f"{BASE_URL}/api/auth/admin/login", json={
/root/.venv/lib/python3.11/site-packages/requests/sessions.py:637: in post
    return self.request("POST", url, data=data, json=json, **kwargs)
           ^^^^^^^^^^^^^^^^^^^^^^^^^^^^^^^^^^^^^^^^^^^^^^^^^^^^^^^^^
/root/.venv/lib/python3.11/site-packages/requests/sessions.py:575: in request
    prep = self.prepare_request(req)
           ^^^^^^^^^^^^^^^^^^^^^^^^^
/root/.venv/lib/python3.11/site-packages/requests/sessions.py:484: in prepare_request
    p.prepare(
/root/.venv/lib/python3.11/site-packages/requests/models.py:367: in prepare
    self.prepare_url(url, params)
/root/.venv/lib/python3.11/site-packages/requests/models.py:438: in prepare_url
    raise MissingSchema(
E   requests.exceptions.MissingSchema: Invalid URL '/api/auth/admin/login': No scheme supplied. Perhaps you meant https:///api/auth/admin/login?</error></testcase><testcase classname="tests.test_admin_reviews.TestAdminReviewsAPI" name="test_reply_rejects_student" time="0.000"><error message="failed on setup with &quot;requests.exceptions.MissingSchema: Invalid URL '/api/auth/admin/login': No scheme supplied. Perhaps you meant https:///api/auth/admin/login?&quot;">tests/test_admin_reviews.py:26: in setup_class
    response = cls.admin_session.post(f"{BASE_URL}/api/auth/admin/login", json={
/root/.venv/lib/python3.11/site-packages/requests/sessions.py:637: in post
    return self.request("POST", url, data=data, json=json, **kwargs)
           ^^^^^^^^^^^^^^^^^^^^^^^^^^^^^^^^^^^^^^^^^^^^^^^^^^^^^^^^^
/root/.venv/lib/python3.11/site-packages/requests/sessions.py:575: in request
    prep = self.prepare_request(req)
           ^^^^^^^^^^^^^^^^^^^^^^^^^
/root/.venv/lib/python3.11/site-packages/requests/sessions.py:484: in prepare_request
    p.prepare(
/root/.venv/lib/python3.11/site-packages/requests/models.py:367: in prepare
    self.prepare_url(url, params)
/root/.venv/lib/python3.11/site-packages/requests/models.py:438: in prepare_url
    raise MissingSchema(
E   requests.exceptions.MissingSchema: Invalid URL '/api/auth/admin/login': No scheme supplied. Perhaps you meant https:///api/auth/admin/login?</error></testcase><testcase classname="tests.test_admin_reviews.TestAdminReviewsAPI" name="test_delete_requires_auth" time="0.000"><error message="failed on setup with &quot;requests.exceptions.MissingSchema: Invalid URL '/api/auth/admin/login': No scheme supplied. Perhaps you meant https:///api/auth/admin/login?&quot;">tests/test_admin_reviews.py:26: in setup_class
    response = cls.admin_session.post(f"{BASE_URL}/api/auth/admin/login", json={
/root/.venv/lib/python3.11/site-packages/requests/sessions.py:637: in post
    return self.request("POST", url, data=data, json=json, **kwargs)
           ^^^^^^^^^^^^^^^^^^^^^^^^^^^^^^^^^^^^^^^^^^^^^^^^^^^^^^^^^
/root/.venv/lib/python3.11/site-packages/requests/sessions.py:575: in request
    prep = self.prepare_request(req)
           ^^^^^^^^^^^^^^^^^^^^^^^^^
/root/.venv/lib/python3.11/site-packages/requests/sessions.py:484: in prepare_request
    p.prepare(
/root/.venv/lib/python3.11/site-packages/requests/models.py:367: in prepare
    self.prepare_url(url, params)
/root/.venv/lib/python3.11/site-packages/requests/models.py:438: in prepare_url
    raise MissingSchema(
E   requests.exceptions.MissingSchema: Invalid URL '/api/auth/admin/login': No scheme supplied. Perhaps you meant https:///api/auth/admin/login?</error></testcase><testcase classname="tests.test_admin_reviews.TestAdminReviewsAPI" name="test_delete_rejects_student" time="0.000"><error message="failed on setup with &quot;requests.exceptions.MissingSchema: Invalid URL '/api/auth/admin/login': No scheme supplied. Perhaps you meant https:///api/auth/admin/login?&quot;">tests/test_admin_reviews.py:26: in setup_class
    response = cls.admin_session.post(f"{BASE_URL}/api/auth/admin/login", json={
/root/.venv/lib/python3.11/site-packages/requests/sessions.py:637: in post
    return self.request("POST", url, data=data, json=json, **kwargs)
           ^^^^^^^^^^^^^^^^^^^^^^^^^^^^^^^^^^^^^^^^^^^^^^^^^^^^^^^^^
/root/.venv/lib/python3.11/site-packages/requests/sessions.py:575: in request
    prep = self.prepare_request(req)
           ^^^^^^^^^^^^^^^^^^^^^^^^^
/root/.venv/lib/python3.11/site-packages/requests/sessions.py:484: in prepare_request
    p.prepare(
/root/.venv/lib/python3.11/site-packages/requests/models.py:367: in prepare
    self.prepare_url(url, params)
/root/.venv/lib/python3.11/site-packages/requests/models.py:438: in prepare_url
    raise MissingSchema(
E   requests.exceptions.MissingSchema: Invalid URL '/api/auth/admin/login': No scheme supplied. Perhaps you meant https:///api/auth/admin/login?</error></testcase><testcase classname="tests.test_admin_reviews.TestAdminReviewsAPI" name="test_admin_get_all_reviews" time="0.000"><error message="failed on setup with &quot;requests.exceptions.MissingSchema: Invalid URL '/api/auth/admin/login': No scheme supplied. Perhaps you meant https:///api/auth/admin/login?&quot;">tests/test_admin_reviews.py:26: in setup_class
    response = cls.admin_session.post(f"{BASE_URL}/api/auth/admin/login", json={
/root/.venv/lib/python3.11/site-packages/requests/sessions.py:637: in post
    return self.request("POST", url, data=data, json=json, **kwargs)
           ^^^^^^^^^^^^^^^^^^^^^^^^^^^^^^^^^^^^^^^^^^^^^^^^^^^^^^^^^
/root/.venv/lib/python3.11/site-packages/requests/sessions.py:575: in request
    prep = self.prepare_request(req)
           ^^^^^^^^^^^^^^^^^^^^^^^^^
/root/.venv/lib/python3.11/site-packages/requests/sessions.py:484: in prepare_request
    p.prepare(
/root/.venv/lib/python3.11/site-packages/requests/models.py:367: in prepare
    self.prepare_url(url, params)
/root/.venv/lib/python3.11/site-packages/requests/models.py:438: in prepare_url
    raise MissingSchema(
E   requests.exceptions.MissingSchema: Invalid URL '/api/auth/admin/login': No scheme supplied. Perhaps you meant https:///api/auth/admin/login?</error></testcase><testcase classname="tests.test_admin_reviews.TestAdminReviewsAPI" name="test_admin_reply_to_review" time="0.000"><error message="failed on setup with &quot;requests.exceptions.MissingSchema: Invalid URL '/api/auth/admin/login': No scheme supplied. Perhaps you meant https:///api/auth/admin/login?&quot;">tests/test_admin_reviews.py:26: in setup_class
    response = cls.admin_session.post(f"{BASE_URL}/api/auth/admin/login", json={
/root/.venv/lib/python3.11/site-packages/requests/sessions.py:637: in post
    return self.request("POST", url, data=data, json=json, **kwargs)
           ^^^^^^^^^^^^^^^^^^^^^^^^^^^^^^^^^^^^^^^^^^^^^^^^^^^^^^^^^
/root/.venv/lib/python3.11/site-packages/requests/sessions.py:575: in request
    prep = self.prepare_request(req)
           ^^^^^^^^^^^^^^^^^^^^^^^^^
/root/.venv/lib/python3.11/site-packages/requests/sessions.py:484: in prepare_request
    p.prepare(
/root/.venv/lib/python3.11/site-packages/requests/models.py:367: in prepare
    self.prepare_url(url, params)
/root/.venv/lib/python3.11/site-packages/requests/models.py:438: in prepare_url
    raise MissingSchema(
E   requests.exceptions.MissingSchema: Invalid URL '/api/auth/admin/login': No scheme supplied. Perhaps you meant https:///api/auth/admin/login?</error></testcase><testcase classname="tests.test_admin_reviews.TestAdminReviewsAPI" name="test_admin_edit_reply" time="0.000"><error message="failed on setup with &quot;requests.exceptions.MissingSchema: Invalid URL '/api/auth/admin/login': No scheme supplied. Perhaps you meant https:///api/auth/admin/login?&quot;">tests/test_admin_reviews.py:26: in setup_class
    response = cls.admin_session.post(f"{BASE_URL}/api/auth/admin/login", json={
/root/.venv/lib/python3.11/site-packages/requests/sessions.py:637: in post
    return self.request("POST", url, data=data, json=json, **kwargs)
           ^^^^^^^^^^^^^^^^^^^^^^^^^^^^^^^^^^^^^^^^^^^^^^^^^^^^^^^^^
/root/.venv/lib/python3.11/site-packages/requests/sessions.py:575: in request
    prep = self.prepare_request(req)
           ^^^^^^^^^^^^^^^^^^^^^^^^^
/root/.venv/lib/python3.11/site-packages/requests/sessions.py:484: in prepare_request
    p.prepare(
/root/.venv/lib/python3.11/site-packages/requests/models.py:367: in prepare
    self.prepare_url(url, params)
/root/.venv/lib/python3.11/site-packages/requests/models.py:438: in prepare_url
    raise MissingSchema(
E   requests.exceptions.MissingSchema: Invalid URL '/api/auth/admin/login': No scheme supplied. Perhaps you meant https:///api/auth/admin/login?</error></testcase><testcase classname="tests.test_admin_reviews.TestAdminReviewsAPI" name="test_reply_persists_in_public_reviews" time="0.000"><error message="failed on setup with &quot;requests.exceptions.MissingSchema: Invalid URL '/api/auth/admin/login': No scheme supplied. Perhaps you meant https:///api/auth/admin/login?&quot;">tests/test_admin_reviews.py:26: in setup_class
    response = cls.admin_session.post(f"{BASE_URL}/api/auth/admin/login", json={
/root/.venv/lib/python3.11/site-packages/requests/sessions.py:637: in post
    return self.request("POST", url, data=data, json=json, **kwargs)
           ^^^^^^^^^^^^^^^^^^^^^^^^^^^^^^^^^^^^^^^^^^^^^^^^^^^^^^^^^
/root/.venv/lib/python3.11/site-packages/requests/sessions.py:575: in request
    prep = self.prepare_request(req)
           ^^^^^^^^^^^^^^^^^^^^^^^^^
/root/.venv/lib/python3.11/site-packages/requests/sessions.py:484: in prepare_request
    p.prepare(
/root/.venv/lib/python3.11/site-packages/requests/models.py:367: in prepare
    self.prepare_url(url, params)
/root/.venv/lib/python3.11/site-packages/requests/models.py:438: in prepare_url
    raise MissingSchema(
E   requests.exceptions.MissingSchema: Invalid URL '/api/auth/admin/login': No scheme supplied. Perhaps you meant https:///api/auth/admin/login?</error></testcase><testcase classname="tests.test_admin_reviews.TestAdminReviewsAPI" name="test_reply_to_nonexistent_review" time="0.000"><error message="failed on setup with &quot;requests.exceptions.MissingSchema: Invalid URL '/api/auth/admin/login': No scheme supplied. Perhaps you meant https:///api/auth/admin/login?&quot;">tests/test_admin_reviews.py:26: in setup_class
    response = cls.admin_session.post(f"{BASE_URL}/api/auth/admin/login", json={
/root/.venv/lib/python3.11/site-packages/requests/sessions.py:637: in post
    return self.request("POST", url, data=data, json=json, **kwargs)
           ^^^^^^^^^^^^^^^^^^^^^^^^^^^^^^^^^^^^^^^^^^^^^^^^^^^^^^^^^
/root/.venv/lib/python3.11/site-packages/requests/sessions.py:575: in request
    prep = self.prepare_request(req)
           ^^^^^^^^^^^^^^^^^^^^^^^^^
/root/.venv/lib/python3.11/site-packages/requests/sessions.py:484: in prepare_request
    p.prepare(
/root/.venv/lib/python3.11/site-packages/requests/models.py:367: in prepare
    self.prepare_url(url, params)
/root/.venv/lib/python3.11/site-packages/requests/models.py:438: in prepare_url
    raise MissingSchema(
E   requests.exceptions.MissingSchema: Invalid URL '/api/auth/admin/login': No scheme supplied. Perhaps you meant https:///api/auth/admin/login?</error></testcase><testcase classname="tests.test_admin_reviews.TestAdminReviewsAPI" name="test_admin_delete_review" time="0.000"><error message="failed on setup with &quot;requests.exceptions.MissingSchema: Invalid URL '/api/auth/admin/login': No scheme supplied. Perhaps you meant https:///api/auth/admin/login?&quot;">tests/test_admin_reviews.py:26: in setup_class
    response = cls.admin_session.post(f"{BASE_URL}/api/auth/admin/login", json={
/root/.venv/lib/python3.11/site-packages/requests/sessions.py:637: in post
    return self.request("POST", url, data=data, json=json, **kwargs)
           ^^^^^^^^^^^^^^^^^^^^^^^^^^^^^^^^^^^^^^^^^^^^^^^^^^^^^^^^^
/root/.venv/lib/python3.11/site-packages/requests/sessions.py:575: in request
    prep = self.prepare_request(req)
           ^^^^^^^^^^^^^^^^^^^^^^^^^
/root/.venv/lib/python3.11/site-packages/requests/sessions.py:484: in prepare_request
    p.prepare(
/root/.venv/lib/python3.11/site-packages/requests/models.py:367: in prepare
    self.prepare_url(url, params)
/root/.venv/lib/python3.11/site-packages/requests/models.py:438: in prepare_url
    raise MissingSchema(
E   requests.exceptions.MissingSchema: Invalid URL '/api/auth/admin/login': No scheme supplied. Perhaps you meant https:///api/auth/admin/login?</error></testcase><testcase classname="tests.test_admin_reviews.TestAdminReviewsAPI" name="test_delete_nonexistent_review" time="0.000"><error message="failed on setup with &quot;requests.exceptions.MissingSchema: Invalid URL '/api/auth/admin/login': No scheme supplied. Perhaps you meant https:///api/auth/admin/login?&quot;">tests/test_admin_reviews.py:26: in setup_class
    response = cls.admin_session.post(f"{BASE_URL}/api/auth/admin/login", json={
/root/.venv/lib/python3.11/site-packages/requests/sessions.py:637: in post
    return self.request("POST", url, data=data, json=json, **kwargs)
           ^^^^^^^^^^^^^^^^^^^^^^^^^^^^^^^^^^^^^^^^^^^^^^^^^^^^^^^^^
/root/.venv/lib/python3.11/site-packages/requests/sessions.py:575: in request
    prep = self.prepare_request(req)
           ^^^^^^^^^^^^^^^^^^^^^^^^^
/root/.venv/lib/python3.11/site-packages/requests/sessions.py:484: in prepare_request
    p.prepare(
/root/.venv/lib/python3.11/site-packages/requests/models.py:367: in prepare
    self.prepare_url(url, params)
/root/.venv/lib/python3.11/site-packages/requests/models.py:438: in prepare_url
    raise MissingSchema(
E   requests.exceptions.MissingSchema: Invalid URL '/api/auth/admin/login': No scheme supplied. Perhaps you meant https:///api/auth/admin/login?</error></testcase></testsuite></testsuites>