<?xml version="1.0" encoding="utf-8"?><testsuites name="pytest tests"><testsuite name="pytest" errors="0" failures="0" skipped="0" tests="13" time="2.820" timestamp="2026-02-19T14:16:08.301446+00:00" hostname="agent-env-280206d1-407d-40f3-99dd-410f6eddbb9e"><testcase classname="tests.test_admin_reviews.TestAdminReviewsAPI" name="test_admin_reviews_requires_auth" time="1.038" /><testcase classname="tests.test_admin_reviews.TestAdminReviewsAPI" name="test_admin_reviews_rejects_student" time="0.082" /><testcase classname="tests.test_admin_reviews.TestAdminReviewsAPI" name="test_reply_requires_auth" time="0.151" /><testcase classname="tests.test_admin_reviews.TestAdminReviewsAPI" name="test_reply_rejects_student" time="0.063" /><testcase classname="tests.test_admin_reviews.TestAdminReviewsAPI" name="test_delete_requires_auth" time="0.129" /><testcase classname="tests.test_admin_reviews.TestAdminReviewsAPI" name="test_delete_rejects_student" time="0.076" /><testcase classname="tests.test_admin_reviews.TestAdminReviewsAPI" name="test_admin_get_all_reviews" time="0.062" /><testcase classname="tests.test_admin_reviews.TestAdminReviewsAPI" name="test_admin_reply_to_review" time="0.057" /><testcase classname="tests.test_admin_reviews.TestAdminReviewsAPI" name="test_admin_edit_reply" time="0.062" /><testcase classname="tests.test_admin_reviews.TestAdminReviewsAPI" name="test_reply_persists_in_public_reviews" time="0.125" /><testcase classname="tests.test_admin_reviews.TestAdminReviewsAPI" name="test_reply_to_nonexistent_review" time="0.067" /><testcase classname="tests.test_admin_reviews.TestAdminReviewsAPI" name="test_admin_delete_review" time="0.747" /><testcase classname="tests.test_admin_reviews.TestAdminReviewsAPI" name="test_delete_nonexistent_review" time="0.111" /></testsuite></testsuites>