<?xml version="1.0" encoding="utf-8"?><testsuites name="pytest tests"><testsuite name="pytest" errors="0" failures="0" skipped="0" tests="10" time="2.277" timestamp="2026-02-19T14:07:15.392923+00:00" hostname="agent-env-280206d1-407d-40f3-99dd-410f6eddbb9e"><testcase classname="backend.tests.test_reviews.TestReviewsAPI" name="test_get_reviews_public_access" time="0.540" /><testcase classname="backend.tests.test_reviews.TestReviewsAPI" name="test_get_reviews_with_limit" time="0.136" /><testcase classname="backend.tests.test_reviews.TestReviewsAPI" name="test_get_reviews_stats_public_access" time="0.161" /><testcase classname="backend.tests.test_reviews.TestReviewsAPI" name="test_submit_review_without_auth" time="0.113" /><testcase classname="backend.tests.test_reviews.TestReviewsAPI" name="test_submit_review_with_auth" time="0.056" /><testcase classname="backend.tests.test_reviews.TestReviewsAPI" name="test_submit_duplicate_review" time="0.058" /><testcase classname="backend.tests.test_reviews.TestReviewsAPI" name="test_submit_review_invalid_rating_low" time="0.391" /><testcase classname="backend.tests.test_reviews.TestReviewsAPI" name="test_submit_review_invalid_rating_high" time="0.438" /><testcase classname="backend.tests.test_reviews.TestReviewsAPI" name="test_verify_review_persisted" time="0.117" /><testcase classname="backend.tests.test_reviews.TestReviewsAPI" name="test_verify_stats_updated" time="0.213" /></testsuite></testsuites>